0 info it worked if it ends with ok
1 verbose cli [ '/usr/local/Cellar/node/9.11.1/bin/node',
1 verbose cli   '/usr/local/bin/npm',
1 verbose cli   'run',
1 verbose cli   'start' ]
2 info using npm@4.1.2
3 info using node@v9.11.1
4 verbose stack Error: ENOENT: no such file or directory, open '/Users/wensontsai/wendev/!_solidity/package.json'
5 verbose cwd /Users/wensontsai/wendev/!_solidity
6 error Darwin 14.1.0
7 error argv "/usr/local/Cellar/node/9.11.1/bin/node" "/usr/local/bin/npm" "run" "start"
8 error node v9.11.1
9 error npm  v4.1.2
10 error path /Users/wensontsai/wendev/!_solidity/package.json
11 error code ENOENT
12 error errno -2
13 error syscall open
14 error enoent ENOENT: no such file or directory, open '/Users/wensontsai/wendev/!_solidity/package.json'
15 error enoent ENOENT: no such file or directory, open '/Users/wensontsai/wendev/!_solidity/package.json'
15 error enoent This is most likely not a problem with npm itself
15 error enoent and is related to npm not being able to find a file.
16 verbose exit [ -2, true ]
